<?xml version="1.0" encoding="UTF-8"?>
<!-- Generated by org.testng.reporters.JUnitReportReporter -->
<testsuite hostname="QAPLANET-PC" name="myPack.Roltas" tests="4" failures="0" timestamp="5 Feb 2019 09:35:42 GMT" time="31.840" errors="0">
  <testcase name="editEmp" time="0.000" classname="myPack.Roltas"/>
  <testcase name="addEmp" time="26.875" classname="myPack.Roltas"/>
  <testcase name="verifyLogin" time="4.962" classname="myPack.Roltas"/>
  <testcase name="deleteEmp" time="0.003" classname="myPack.Roltas"/>
</testsuite> <!-- myPack.Roltas -->
