<?xml version="1.0" encoding="UTF-8"?>
<!-- Generated by org.testng.reporters.JUnitReportReporter -->
<testsuite hostname="QAPLANET-PC" name="myPack1.Rolta" tests="2" failures="0" timestamp="5 Feb 2019 09:35:42 GMT" time="0.000" errors="0">
  <testcase name="m1" time="0.000" classname="myPack1.Rolta"/>
  <testcase name="m2" time="0.000" classname="myPack1.Rolta"/>
</testsuite> <!-- myPack1.Rolta -->
